{"C:\\Users\\Pichau\\OneDrive\\Documentos\\-Trabalho-Final-Teste-de-Software\\Back-End\\src\\app.js": {"path":"C:\\Users\\Pichau\\OneDrive\\Documentos\\-Trabalho-Final-Teste-de-Software\\Back-End\\src\\app.js","statementMap":{"0":{"start":{"line":6,"column":12},"end":{"line":6,"column":21}},"1":{"start":{"line":8,"column":0},"end":{"line":8,"column":16}},"2":{"start":{"line":9,"column":0},"end":{"line":9,"column":24}},"3":{"start":{"line":12,"column":0},"end":{"line":14,"column":3}},"4":{"start":{"line":13,"column":2},"end":{"line":13,"column":44}},"5":{"start":{"line":17,"column":0},"end":{"line":17,"column":23}}},"fnMap":{"0":{"name":"(anonymous_0)","decl":{"start":{"line":12,"column":17},"end":{"line":12,"column":18}},"loc":{"start":{"line":12,"column":31},"end":{"line":14,"column":1}},"line":12}},"branchMap":{},"s":{"0":2,"1":2,"2":2,"3":2,"4":1,"5":2},"f":{"0":1},"b":{},"_coverageSchema":"1a1c01bbd47fc00a2c39e90264f33305004495a9","hash":"c126f89c3b9eedbc01ffc399bdef1eb6e36e5f25"}
,"C:\\Users\\Pichau\\OneDrive\\Documentos\\-Trabalho-Final-Teste-de-Software\\Back-End\\src\\db.js": {"path":"C:\\Users\\Pichau\\OneDrive\\Documentos\\-Trabalho-Final-Teste-de-Software\\Back-End\\src\\db.js","statementMap":{"0":{"start":{"line":6,"column":2},"end":{"line":24,"column":5}},"1":{"start":{"line":7,"column":4},"end":{"line":13,"column":7}},"2":{"start":{"line":15,"column":4},"end":{"line":23,"column":7}},"3":{"start":{"line":16,"column":6},"end":{"line":22,"column":7}},"4":{"start":{"line":17,"column":8},"end":{"line":17,"column":63}},"5":{"start":{"line":18,"column":8},"end":{"line":18,"column":20}},"6":{"start":{"line":20,"column":8},"end":{"line":20,"column":73}},"7":{"start":{"line":21,"column":8},"end":{"line":21,"column":28}},"8":{"start":{"line":28,"column":2},"end":{"line":28,"column":20}},"9":{"start":{"line":32,"column":2},"end":{"line":41,"column":5}},"10":{"start":{"line":33,"column":4},"end":{"line":36,"column":5}},"11":{"start":{"line":34,"column":6},"end":{"line":34,"column":16}},"12":{"start":{"line":35,"column":6},"end":{"line":35,"column":13}},"13":{"start":{"line":37,"column":4},"end":{"line":40,"column":7}},"14":{"start":{"line":38,"column":6},"end":{"line":39,"column":21}},"15":{"start":{"line":38,"column":15},"end":{"line":38,"column":27}},"16":{"start":{"line":39,"column":11},"end":{"line":39,"column":21}}},"fnMap":{"0":{"name":"connectToDatabase","decl":{"start":{"line":5,"column":16},"end":{"line":5,"column":33}},"loc":{"start":{"line":5,"column":36},"end":{"line":25,"column":1}},"line":5},"1":{"name":"(anonymous_1)","decl":{"start":{"line":6,"column":21},"end":{"line":6,"column":22}},"loc":{"start":{"line":6,"column":42},"end":{"line":24,"column":3}},"line":6},"2":{"name":"(anonymous_2)","decl":{"start":{"line":15,"column":23},"end":{"line":15,"column":24}},"loc":{"start":{"line":15,"column":32},"end":{"line":23,"column":5}},"line":15},"3":{"name":"getConnection","decl":{"start":{"line":27,"column":16},"end":{"line":27,"column":29}},"loc":{"start":{"line":27,"column":32},"end":{"line":29,"column":1}},"line":27},"4":{"name":"closeDatabaseConnection","decl":{"start":{"line":31,"column":16},"end":{"line":31,"column":39}},"loc":{"start":{"line":31,"column":42},"end":{"line":42,"column":1}},"line":31},"5":{"name":"(anonymous_5)","decl":{"start":{"line":32,"column":21},"end":{"line":32,"column":22}},"loc":{"start":{"line":32,"column":42},"end":{"line":41,"column":3}},"line":32},"6":{"name":"(anonymous_6)","decl":{"start":{"line":37,"column":19},"end":{"line":37,"column":20}},"loc":{"start":{"line":37,"column":28},"end":{"line":40,"column":5}},"line":37}},"branchMap":{"0":{"loc":{"start":{"line":16,"column":6},"end":{"line":22,"column":7}},"type":"if","locations":[{"start":{"line":16,"column":6},"end":{"line":22,"column":7}},{"start":{"line":19,"column":13},"end":{"line":22,"column":7}}],"line":16},"1":{"loc":{"start":{"line":33,"column":4},"end":{"line":36,"column":5}},"type":"if","locations":[{"start":{"line":33,"column":4},"end":{"line":36,"column":5}},{"start":{},"end":{}}],"line":33},"2":{"loc":{"start":{"line":38,"column":6},"end":{"line":39,"column":21}},"type":"if","locations":[{"start":{"line":38,"column":6},"end":{"line":39,"column":21}},{"start":{"line":39,"column":11},"end":{"line":39,"column":21}}],"line":38}},"s":{"0":1,"1":1,"2":1,"3":1,"4":0,"5":0,"6":1,"7":1,"8":0,"9":1,"10":1,"11":0,"12":0,"13":1,"14":1,"15":0,"16":1},"f":{"0":1,"1":1,"2":1,"3":0,"4":1,"5":1,"6":1},"b":{"0":[0,1],"1":[0,1],"2":[0,1]},"_coverageSchema":"1a1c01bbd47fc00a2c39e90264f33305004495a9","hash":"971a1ebc6d33fc419e3b307ac91ceb0db3809529"}
,"C:\\Users\\Pichau\\OneDrive\\Documentos\\-Trabalho-Final-Teste-de-Software\\Back-End\\src\\routes\\cadastro.js": {"path":"C:\\Users\\Pichau\\OneDrive\\Documentos\\-Trabalho-Final-Teste-de-Software\\Back-End\\src\\routes\\cadastro.js","statementMap":{"0":{"start":{"line":4,"column":15},"end":{"line":4,"column":31}},"1":{"start":{"line":7,"column":0},"end":{"line":45,"column":3}},"2":{"start":{"line":8,"column":33},"end":{"line":8,"column":41}},"3":{"start":{"line":11,"column":2},"end":{"line":13,"column":3}},"4":{"start":{"line":12,"column":4},"end":{"line":12,"column":83}},"5":{"start":{"line":16,"column":2},"end":{"line":44,"column":3}},"6":{"start":{"line":17,"column":4},"end":{"line":17,"column":33}},"7":{"start":{"line":19,"column":4},"end":{"line":21,"column":5}},"8":{"start":{"line":20,"column":6},"end":{"line":20,"column":87}},"9":{"start":{"line":23,"column":18},"end":{"line":23,"column":78}},"10":{"start":{"line":25,"column":4},"end":{"line":39,"column":7}},"11":{"start":{"line":26,"column":6},"end":{"line":29,"column":7}},"12":{"start":{"line":27,"column":8},"end":{"line":27,"column":54}},"13":{"start":{"line":28,"column":8},"end":{"line":28,"column":79}},"14":{"start":{"line":31,"column":6},"end":{"line":33,"column":7}},"15":{"start":{"line":32,"column":8},"end":{"line":32,"column":92}},"16":{"start":{"line":35,"column":6},"end":{"line":38,"column":9}},"17":{"start":{"line":42,"column":4},"end":{"line":42,"column":54}},"18":{"start":{"line":43,"column":4},"end":{"line":43,"column":75}}},"fnMap":{"0":{"name":"(anonymous_0)","decl":{"start":{"line":7,"column":25},"end":{"line":7,"column":26}},"loc":{"start":{"line":7,"column":39},"end":{"line":45,"column":1}},"line":7},"1":{"name":"(anonymous_1)","decl":{"start":{"line":25,"column":52},"end":{"line":25,"column":53}},"loc":{"start":{"line":25,"column":70},"end":{"line":39,"column":5}},"line":25}},"branchMap":{"0":{"loc":{"start":{"line":11,"column":2},"end":{"line":13,"column":3}},"type":"if","locations":[{"start":{"line":11,"column":2},"end":{"line":13,"column":3}},{"start":{},"end":{}}],"line":11},"1":{"loc":{"start":{"line":11,"column":6},"end":{"line":11,"column":31}},"type":"binary-expr","locations":[{"start":{"line":11,"column":6},"end":{"line":11,"column":11}},{"start":{"line":11,"column":15},"end":{"line":11,"column":21}},{"start":{"line":11,"column":25},"end":{"line":11,"column":31}}],"line":11},"2":{"loc":{"start":{"line":19,"column":4},"end":{"line":21,"column":5}},"type":"if","locations":[{"start":{"line":19,"column":4},"end":{"line":21,"column":5}},{"start":{},"end":{}}],"line":19},"3":{"loc":{"start":{"line":26,"column":6},"end":{"line":29,"column":7}},"type":"if","locations":[{"start":{"line":26,"column":6},"end":{"line":29,"column":7}},{"start":{},"end":{}}],"line":26},"4":{"loc":{"start":{"line":31,"column":6},"end":{"line":33,"column":7}},"type":"if","locations":[{"start":{"line":31,"column":6},"end":{"line":33,"column":7}},{"start":{},"end":{}}],"line":31},"5":{"loc":{"start":{"line":31,"column":10},"end":{"line":31,"column":39}},"type":"binary-expr","locations":[{"start":{"line":31,"column":10},"end":{"line":31,"column":18}},{"start":{"line":31,"column":22},"end":{"line":31,"column":39}}],"line":31}},"s":{"0":3,"1":3,"2":6,"3":6,"4":1,"5":5,"6":5,"7":4,"8":1,"9":3,"10":3,"11":3,"12":1,"13":1,"14":2,"15":1,"16":1,"17":1,"18":1},"f":{"0":6,"1":3},"b":{"0":[1,5],"1":[6,6,5],"2":[1,3],"3":[1,2],"4":[1,1],"5":[2,2]},"_coverageSchema":"1a1c01bbd47fc00a2c39e90264f33305004495a9","hash":"6fc0a2bcc74c97c75e53e23282172efbb2620811"}
,"C:\\Users\\Pichau\\OneDrive\\Documentos\\-Trabalho-Final-Teste-de-Software\\Back-End\\src\\routes\\index.js": {"path":"C:\\Users\\Pichau\\OneDrive\\Documentos\\-Trabalho-Final-Teste-de-Software\\Back-End\\src\\routes\\index.js","statementMap":{"0":{"start":{"line":5,"column":15},"end":{"line":5,"column":31}},"1":{"start":{"line":7,"column":0},"end":{"line":7,"column":26}},"2":{"start":{"line":8,"column":0},"end":{"line":8,"column":23}}},"fnMap":{},"branchMap":{},"s":{"0":2,"1":2,"2":2},"f":{},"b":{},"_coverageSchema":"1a1c01bbd47fc00a2c39e90264f33305004495a9","hash":"d8ecfcf32f75334be0847dbdedd0e3c4df34e415"}
,"C:\\Users\\Pichau\\OneDrive\\Documentos\\-Trabalho-Final-Teste-de-Software\\Back-End\\src\\routes\\login.js": {"path":"C:\\Users\\Pichau\\OneDrive\\Documentos\\-Trabalho-Final-Teste-de-Software\\Back-End\\src\\routes\\login.js","statementMap":{"0":{"start":{"line":5,"column":15},"end":{"line":5,"column":31}},"1":{"start":{"line":8,"column":0},"end":{"line":28,"column":3}},"2":{"start":{"line":9,"column":27},"end":{"line":9,"column":35}},"3":{"start":{"line":10,"column":2},"end":{"line":12,"column":3}},"4":{"start":{"line":11,"column":4},"end":{"line":11,"column":82}},"5":{"start":{"line":14,"column":21},"end":{"line":14,"column":36}},"6":{"start":{"line":15,"column":16},"end":{"line":15,"column":70}},"7":{"start":{"line":16,"column":2},"end":{"line":27,"column":5}},"8":{"start":{"line":17,"column":4},"end":{"line":20,"column":5}},"9":{"start":{"line":18,"column":6},"end":{"line":18,"column":43}},"10":{"start":{"line":19,"column":6},"end":{"line":19,"column":76}},"11":{"start":{"line":22,"column":4},"end":{"line":26,"column":5}},"12":{"start":{"line":23,"column":6},"end":{"line":23,"column":99}},"13":{"start":{"line":25,"column":6},"end":{"line":25,"column":87}},"14":{"start":{"line":32,"column":19},"end":{"line":36,"column":4}},"15":{"start":{"line":38,"column":15},"end":{"line":38,"column":36}},"16":{"start":{"line":39,"column":2},"end":{"line":39,"column":40}}},"fnMap":{"0":{"name":"(anonymous_0)","decl":{"start":{"line":8,"column":22},"end":{"line":8,"column":23}},"loc":{"start":{"line":8,"column":36},"end":{"line":28,"column":1}},"line":8},"1":{"name":"(anonymous_1)","decl":{"start":{"line":16,"column":44},"end":{"line":16,"column":45}},"loc":{"start":{"line":16,"column":62},"end":{"line":27,"column":3}},"line":16},"2":{"name":"fazerLogin","decl":{"start":{"line":31,"column":22},"end":{"line":31,"column":32}},"loc":{"start":{"line":31,"column":47},"end":{"line":40,"column":1}},"line":31}},"branchMap":{"0":{"loc":{"start":{"line":10,"column":2},"end":{"line":12,"column":3}},"type":"if","locations":[{"start":{"line":10,"column":2},"end":{"line":12,"column":3}},{"start":{},"end":{}}],"line":10},"1":{"loc":{"start":{"line":10,"column":6},"end":{"line":10,"column":22}},"type":"binary-expr","locations":[{"start":{"line":10,"column":6},"end":{"line":10,"column":12}},{"start":{"line":10,"column":16},"end":{"line":10,"column":22}}],"line":10},"2":{"loc":{"start":{"line":17,"column":4},"end":{"line":20,"column":5}},"type":"if","locations":[{"start":{"line":17,"column":4},"end":{"line":20,"column":5}},{"start":{},"end":{}}],"line":17},"3":{"loc":{"start":{"line":22,"column":4},"end":{"line":26,"column":5}},"type":"if","locations":[{"start":{"line":22,"column":4},"end":{"line":26,"column":5}},{"start":{"line":24,"column":11},"end":{"line":26,"column":5}}],"line":22}},"s":{"0":3,"1":3,"2":4,"3":4,"4":1,"5":3,"6":3,"7":3,"8":3,"9":1,"10":1,"11":2,"12":1,"13":1,"14":0,"15":0,"16":0},"f":{"0":4,"1":3,"2":0},"b":{"0":[1,3],"1":[4,3],"2":[1,2],"3":[1,1]},"_coverageSchema":"1a1c01bbd47fc00a2c39e90264f33305004495a9","hash":"4b951c6289dde6118dc98ad82e2fdea9fc7d2ebb"}
}
