{"C:\\Users\\Pichau\\OneDrive\\Documentos\\-Trabalho-Final-Teste-de-Software\\Back-End\\src\\app.js": {"path":"C:\\Users\\Pichau\\OneDrive\\Documentos\\-Trabalho-Final-Teste-de-Software\\Back-End\\src\\app.js","statementMap":{"0":{"start":{"line":1,"column":16},"end":{"line":1,"column":34}},"1":{"start":{"line":2,"column":13},"end":{"line":2,"column":28}},"2":{"start":{"line":3,"column":14},"end":{"line":3,"column":31}},"3":{"start":{"line":5,"column":12},"end":{"line":5,"column":21}},"4":{"start":{"line":6,"column":0},"end":{"line":6,"column":16}},"5":{"start":{"line":7,"column":0},"end":{"line":7,"column":24}},"6":{"start":{"line":13,"column":2},"end":{"line":33,"column":5}},"7":{"start":{"line":14,"column":4},"end":{"line":20,"column":7}},"8":{"start":{"line":22,"column":4},"end":{"line":32,"column":7}},"9":{"start":{"line":23,"column":6},"end":{"line":31,"column":7}},"10":{"start":{"line":24,"column":8},"end":{"line":24,"column":63}},"11":{"start":{"line":25,"column":8},"end":{"line":25,"column":20}},"12":{"start":{"line":27,"column":8},"end":{"line":27,"column":73}},"13":{"start":{"line":29,"column":8},"end":{"line":29,"column":34}},"14":{"start":{"line":30,"column":8},"end":{"line":30,"column":28}},"15":{"start":{"line":38,"column":2},"end":{"line":47,"column":5}},"16":{"start":{"line":39,"column":4},"end":{"line":42,"column":5}},"17":{"start":{"line":40,"column":6},"end":{"line":40,"column":16}},"18":{"start":{"line":41,"column":6},"end":{"line":41,"column":13}},"19":{"start":{"line":43,"column":4},"end":{"line":46,"column":7}},"20":{"start":{"line":44,"column":6},"end":{"line":45,"column":21}},"21":{"start":{"line":44,"column":15},"end":{"line":44,"column":27}},"22":{"start":{"line":45,"column":11},"end":{"line":45,"column":21}},"23":{"start":{"line":51,"column":0},"end":{"line":53,"column":3}},"24":{"start":{"line":52,"column":2},"end":{"line":52,"column":44}},"25":{"start":{"line":57,"column":0},"end":{"line":72,"column":3}},"26":{"start":{"line":58,"column":33},"end":{"line":58,"column":41}},"27":{"start":{"line":59,"column":2},"end":{"line":61,"column":3}},"28":{"start":{"line":60,"column":4},"end":{"line":60,"column":83}},"29":{"start":{"line":63,"column":16},"end":{"line":63,"column":76}},"30":{"start":{"line":64,"column":2},"end":{"line":71,"column":5}},"31":{"start":{"line":65,"column":4},"end":{"line":68,"column":5}},"32":{"start":{"line":66,"column":6},"end":{"line":66,"column":52}},"33":{"start":{"line":67,"column":6},"end":{"line":67,"column":77}},"34":{"start":{"line":70,"column":4},"end":{"line":70,"column":91}},"35":{"start":{"line":74,"column":0},"end":{"line":93,"column":3}},"36":{"start":{"line":75,"column":27},"end":{"line":75,"column":35}},"37":{"start":{"line":76,"column":2},"end":{"line":78,"column":3}},"38":{"start":{"line":77,"column":4},"end":{"line":77,"column":82}},"39":{"start":{"line":80,"column":16},"end":{"line":80,"column":70}},"40":{"start":{"line":81,"column":2},"end":{"line":92,"column":5}},"41":{"start":{"line":82,"column":4},"end":{"line":85,"column":5}},"42":{"start":{"line":83,"column":6},"end":{"line":83,"column":43}},"43":{"start":{"line":84,"column":6},"end":{"line":84,"column":76}},"44":{"start":{"line":87,"column":4},"end":{"line":91,"column":5}},"45":{"start":{"line":88,"column":6},"end":{"line":88,"column":99}},"46":{"start":{"line":90,"column":6},"end":{"line":90,"column":87}},"47":{"start":{"line":96,"column":0},"end":{"line":107,"column":1}},"48":{"start":{"line":97,"column":2},"end":{"line":106,"column":7}},"49":{"start":{"line":99,"column":19},"end":{"line":99,"column":23}},"50":{"start":{"line":100,"column":6},"end":{"line":102,"column":9}},"51":{"start":{"line":101,"column":8},"end":{"line":101,"column":71}},"52":{"start":{"line":105,"column":6},"end":{"line":105,"column":65}},"53":{"start":{"line":109,"column":0},"end":{"line":109,"column":69}}},"fnMap":{"0":{"name":"connectToDatabase","decl":{"start":{"line":12,"column":9},"end":{"line":12,"column":26}},"loc":{"start":{"line":12,"column":29},"end":{"line":34,"column":1}},"line":12},"1":{"name":"(anonymous_1)","decl":{"start":{"line":13,"column":21},"end":{"line":13,"column":22}},"loc":{"start":{"line":13,"column":42},"end":{"line":33,"column":3}},"line":13},"2":{"name":"(anonymous_2)","decl":{"start":{"line":22,"column":23},"end":{"line":22,"column":24}},"loc":{"start":{"line":22,"column":32},"end":{"line":32,"column":5}},"line":22},"3":{"name":"closeDatabaseConnection","decl":{"start":{"line":37,"column":9},"end":{"line":37,"column":32}},"loc":{"start":{"line":37,"column":35},"end":{"line":48,"column":1}},"line":37},"4":{"name":"(anonymous_4)","decl":{"start":{"line":38,"column":21},"end":{"line":38,"column":22}},"loc":{"start":{"line":38,"column":42},"end":{"line":47,"column":3}},"line":38},"5":{"name":"(anonymous_5)","decl":{"start":{"line":43,"column":19},"end":{"line":43,"column":20}},"loc":{"start":{"line":43,"column":28},"end":{"line":46,"column":5}},"line":43},"6":{"name":"(anonymous_6)","decl":{"start":{"line":51,"column":17},"end":{"line":51,"column":18}},"loc":{"start":{"line":51,"column":31},"end":{"line":53,"column":1}},"line":51},"7":{"name":"(anonymous_7)","decl":{"start":{"line":57,"column":26},"end":{"line":57,"column":27}},"loc":{"start":{"line":57,"column":40},"end":{"line":72,"column":1}},"line":57},"8":{"name":"(anonymous_8)","decl":{"start":{"line":64,"column":50},"end":{"line":64,"column":51}},"loc":{"start":{"line":64,"column":68},"end":{"line":71,"column":3}},"line":64},"9":{"name":"(anonymous_9)","decl":{"start":{"line":74,"column":23},"end":{"line":74,"column":24}},"loc":{"start":{"line":74,"column":37},"end":{"line":93,"column":1}},"line":74},"10":{"name":"(anonymous_10)","decl":{"start":{"line":81,"column":44},"end":{"line":81,"column":45}},"loc":{"start":{"line":81,"column":62},"end":{"line":92,"column":3}},"line":81},"11":{"name":"(anonymous_11)","decl":{"start":{"line":98,"column":10},"end":{"line":98,"column":11}},"loc":{"start":{"line":98,"column":16},"end":{"line":103,"column":5}},"line":98},"12":{"name":"(anonymous_12)","decl":{"start":{"line":100,"column":39},"end":{"line":100,"column":40}},"loc":{"start":{"line":100,"column":45},"end":{"line":102,"column":7}},"line":100},"13":{"name":"(anonymous_13)","decl":{"start":{"line":104,"column":11},"end":{"line":104,"column":12}},"loc":{"start":{"line":104,"column":20},"end":{"line":106,"column":5}},"line":104}},"branchMap":{"0":{"loc":{"start":{"line":23,"column":6},"end":{"line":31,"column":7}},"type":"if","locations":[{"start":{"line":23,"column":6},"end":{"line":31,"column":7}},{"start":{"line":26,"column":13},"end":{"line":31,"column":7}}],"line":23},"1":{"loc":{"start":{"line":39,"column":4},"end":{"line":42,"column":5}},"type":"if","locations":[{"start":{"line":39,"column":4},"end":{"line":42,"column":5}},{"start":{},"end":{}}],"line":39},"2":{"loc":{"start":{"line":44,"column":6},"end":{"line":45,"column":21}},"type":"if","locations":[{"start":{"line":44,"column":6},"end":{"line":45,"column":21}},{"start":{"line":45,"column":11},"end":{"line":45,"column":21}}],"line":44},"3":{"loc":{"start":{"line":59,"column":2},"end":{"line":61,"column":3}},"type":"if","locations":[{"start":{"line":59,"column":2},"end":{"line":61,"column":3}},{"start":{},"end":{}}],"line":59},"4":{"loc":{"start":{"line":59,"column":6},"end":{"line":59,"column":31}},"type":"binary-expr","locations":[{"start":{"line":59,"column":6},"end":{"line":59,"column":11}},{"start":{"line":59,"column":15},"end":{"line":59,"column":21}},{"start":{"line":59,"column":25},"end":{"line":59,"column":31}}],"line":59},"5":{"loc":{"start":{"line":65,"column":4},"end":{"line":68,"column":5}},"type":"if","locations":[{"start":{"line":65,"column":4},"end":{"line":68,"column":5}},{"start":{},"end":{}}],"line":65},"6":{"loc":{"start":{"line":76,"column":2},"end":{"line":78,"column":3}},"type":"if","locations":[{"start":{"line":76,"column":2},"end":{"line":78,"column":3}},{"start":{},"end":{}}],"line":76},"7":{"loc":{"start":{"line":76,"column":6},"end":{"line":76,"column":22}},"type":"binary-expr","locations":[{"start":{"line":76,"column":6},"end":{"line":76,"column":12}},{"start":{"line":76,"column":16},"end":{"line":76,"column":22}}],"line":76},"8":{"loc":{"start":{"line":82,"column":4},"end":{"line":85,"column":5}},"type":"if","locations":[{"start":{"line":82,"column":4},"end":{"line":85,"column":5}},{"start":{},"end":{}}],"line":82},"9":{"loc":{"start":{"line":87,"column":4},"end":{"line":91,"column":5}},"type":"if","locations":[{"start":{"line":87,"column":4},"end":{"line":91,"column":5}},{"start":{"line":89,"column":11},"end":{"line":91,"column":5}}],"line":87},"10":{"loc":{"start":{"line":96,"column":0},"end":{"line":107,"column":1}},"type":"if","locations":[{"start":{"line":96,"column":0},"end":{"line":107,"column":1}},{"start":{},"end":{}}],"line":96}},"s":{"0":1,"1":1,"2":1,"3":1,"4":1,"5":1,"6":1,"7":1,"8":1,"9":1,"10":0,"11":0,"12":1,"13":1,"14":1,"15":1,"16":1,"17":0,"18":0,"19":1,"20":1,"21":0,"22":1,"23":1,"24":1,"25":1,"26":0,"27":0,"28":0,"29":0,"30":0,"31":0,"32":0,"33":0,"34":0,"35":1,"36":0,"37":0,"38":0,"39":0,"40":0,"41":0,"42":0,"43":0,"44":0,"45":0,"46":0,"47":1,"48":0,"49":0,"50":0,"51":0,"52":0,"53":1},"f":{"0":1,"1":1,"2":1,"3":1,"4":1,"5":1,"6":1,"7":0,"8":0,"9":0,"10":0,"11":0,"12":0,"13":0},"b":{"0":[0,1],"1":[0,1],"2":[0,1],"3":[0,0],"4":[0,0,0],"5":[0,0],"6":[0,0],"7":[0,0],"8":[0,0],"9":[0,0],"10":[0,1]},"_coverageSchema":"1a1c01bbd47fc00a2c39e90264f33305004495a9","hash":"760e6b96aaf736cae47a7f9a7a10c5062d71438d"}
}
