TN:
SF:app.js
FN:12,(anonymous_0)
FNF:1
FNH:1
FNDA:1,(anonymous_0)
DA:6,2
DA:8,2
DA:9,2
DA:12,2
DA:13,1
DA:17,2
LF:6
LH:6
BRF:0
BRH:0
end_of_record
TN:
SF:db.js
FN:5,connectToDatabase
FN:6,(anonymous_1)
FN:15,(anonymous_2)
FN:27,getConnection
FN:31,closeDatabaseConnection
FN:32,(anonymous_5)
FN:37,(anonymous_6)
FNF:7
FNH:6
FNDA:1,connectToDatabase
FNDA:1,(anonymous_1)
FNDA:1,(anonymous_2)
FNDA:0,getConnection
FNDA:1,closeDatabaseConnection
FNDA:1,(anonymous_5)
FNDA:1,(anonymous_6)
DA:6,1
DA:7,1
DA:15,1
DA:16,1
DA:17,0
DA:18,0
DA:20,1
DA:21,1
DA:28,0
DA:32,1
DA:33,1
DA:34,0
DA:35,0
DA:37,1
DA:38,1
DA:39,1
LF:16
LH:11
BRDA:16,0,0,0
BRDA:16,0,1,1
BRDA:33,1,0,0
BRDA:33,1,1,1
BRDA:38,2,0,0
BRDA:38,2,1,1
BRF:6
BRH:3
end_of_record
TN:
SF:routes\cadastro.js
FN:7,(anonymous_0)
FN:25,(anonymous_1)
FNF:2
FNH:2
FNDA:6,(anonymous_0)
FNDA:3,(anonymous_1)
DA:4,3
DA:7,3
DA:8,6
DA:11,6
DA:12,1
DA:16,5
DA:17,5
DA:19,4
DA:20,1
DA:23,3
DA:25,3
DA:26,3
DA:27,1
DA:28,1
DA:31,2
DA:32,1
DA:35,1
DA:42,1
DA:43,1
LF:19
LH:19
BRDA:11,0,0,1
BRDA:11,0,1,5
BRDA:11,1,0,6
BRDA:11,1,1,6
BRDA:11,1,2,5
BRDA:19,2,0,1
BRDA:19,2,1,3
BRDA:26,3,0,1
BRDA:26,3,1,2
BRDA:31,4,0,1
BRDA:31,4,1,1
BRDA:31,5,0,2
BRDA:31,5,1,2
BRF:13
BRH:13
end_of_record
TN:
SF:routes\index.js
FNF:0
FNH:0
DA:5,2
DA:7,2
DA:8,2
LF:3
LH:3
BRF:0
BRH:0
end_of_record
TN:
SF:routes\login.js
FN:8,(anonymous_0)
FN:16,(anonymous_1)
FN:31,fazerLogin
FNF:3
FNH:2
FNDA:4,(anonymous_0)
FNDA:3,(anonymous_1)
FNDA:0,fazerLogin
DA:5,3
DA:8,3
DA:9,4
DA:10,4
DA:11,1
DA:14,3
DA:15,3
DA:16,3
DA:17,3
DA:18,1
DA:19,1
DA:22,2
DA:23,1
DA:25,1
DA:32,0
DA:38,0
DA:39,0
LF:17
LH:14
BRDA:10,0,0,1
BRDA:10,0,1,3
BRDA:10,1,0,4
BRDA:10,1,1,3
BRDA:17,2,0,1
BRDA:17,2,1,2
BRDA:22,3,0,1
BRDA:22,3,1,1
BRF:8
BRH:8
end_of_record
