TN:
SF:Back-End\src\app.js
FN:12,connectToDatabase
FN:13,(anonymous_1)
FN:22,(anonymous_2)
FN:37,closeDatabaseConnection
FN:38,(anonymous_4)
FN:43,(anonymous_5)
FN:51,(anonymous_6)
FN:57,(anonymous_7)
FN:64,(anonymous_8)
FN:74,(anonymous_9)
FN:81,(anonymous_10)
FN:98,(anonymous_11)
FN:100,(anonymous_12)
FN:104,(anonymous_13)
FNF:14
FNH:7
FNDA:1,connectToDatabase
FNDA:1,(anonymous_1)
FNDA:1,(anonymous_2)
FNDA:1,closeDatabaseConnection
FNDA:1,(anonymous_4)
FNDA:1,(anonymous_5)
FNDA:1,(anonymous_6)
FNDA:0,(anonymous_7)
FNDA:0,(anonymous_8)
FNDA:0,(anonymous_9)
FNDA:0,(anonymous_10)
FNDA:0,(anonymous_11)
FNDA:0,(anonymous_12)
FNDA:0,(anonymous_13)
DA:1,1
DA:2,1
DA:3,1
DA:5,1
DA:6,1
DA:7,1
DA:13,1
DA:14,1
DA:22,1
DA:23,1
DA:24,0
DA:25,0
DA:27,1
DA:29,1
DA:30,1
DA:38,1
DA:39,1
DA:40,0
DA:41,0
DA:43,1
DA:44,1
DA:45,1
DA:51,1
DA:52,1
DA:57,1
DA:58,0
DA:59,0
DA:60,0
DA:63,0
DA:64,0
DA:65,0
DA:66,0
DA:67,0
DA:70,0
DA:74,1
DA:75,0
DA:76,0
DA:77,0
DA:80,0
DA:81,0
DA:82,0
DA:83,0
DA:84,0
DA:87,0
DA:88,0
DA:90,0
DA:96,1
DA:97,0
DA:99,0
DA:100,0
DA:101,0
DA:105,0
DA:109,1
LF:53
LH:24
BRDA:23,0,0,0
BRDA:23,0,1,1
BRDA:39,1,0,0
BRDA:39,1,1,1
BRDA:44,2,0,0
BRDA:44,2,1,1
BRDA:59,3,0,0
BRDA:59,3,1,0
BRDA:59,4,0,0
BRDA:59,4,1,0
BRDA:59,4,2,0
BRDA:65,5,0,0
BRDA:65,5,1,0
BRDA:76,6,0,0
BRDA:76,6,1,0
BRDA:76,7,0,0
BRDA:76,7,1,0
BRDA:82,8,0,0
BRDA:82,8,1,0
BRDA:87,9,0,0
BRDA:87,9,1,0
BRDA:96,10,0,0
BRDA:96,10,1,1
BRF:23
BRH:4
end_of_record
